<?xml version="1.0" encoding="UTF-8"?>
<!-- Generated by org.testng.reporters.JUnitReportReporter -->
<testsuite skipped="0" hostname="EG-5CG9024YKL" name="test.LoginTest" tests="1" failures="0" timestamp="2020-11-01T21:16:25 EET" time="249.670" errors="0">
  <testcase name="loginProcess" time="249.670" classname="test.LoginTest"/>
  <system-out/>
</testsuite> <!-- test.LoginTest -->
